Build started 12/01/2015 13:54:03.
     1>Project "F:\FGGS\Pacman\PacmanFramework(S2Dv1.5)(2)\Pacman - Copy\Pacman\Pacman.vcxproj" on node 2 (Build target(s)).
     1>ClCompile:
         C:\Program Files (x86)\Microsoft Visual Studio 12.0\VC\bin\CL.exe /c /ZI /nologo /W3 /WX- /sdl /Od /Oy- /D WIN32 /D _DEBUG /D _CONSOLE /D _UNICODE /D UNICODE /Gm /EHsc /RTC1 /MDd /GS /fp:precise /Zc:wchar_t /Zc:forScope /Fo"Debug\\" /Fd"Debug\vc120.pdb" /Gd /TP /analyze- /errorReport:prompt Enemy.cpp
         Enemy.cpp
     1>f:\fggs\pacman\pacmanframework(s2dv1.5)(2)\pacman - copy\pacman\enemy.cpp(16): warning C4244: 'argument' : conversion from 'int' to 'float', possible loss of data
     1>f:\fggs\pacman\pacmanframework(s2dv1.5)(2)\pacman - copy\pacman\enemy.cpp(26): warning C4018: '<' : signed/unsigned mismatch
     1>f:\fggs\pacman\pacmanframework(s2dv1.5)(2)\pacman - copy\pacman\enemy.cpp(59): warning C4018: '<' : signed/unsigned mismatch
       Link:
         C:\Program Files (x86)\Microsoft Visual Studio 12.0\VC\bin\link.exe /ERRORREPORT:PROMPT /OUT:"F:\FGGS\Pacman\PacmanFramework(S2Dv1.5)(2)\Pacman - Copy\Debug\Pacman.exe" /INCREMENTAL /NOLOGO kernel32.lib user32.lib gdi32.lib winspool.lib comdlg32.lib advapi32.lib shell32.lib ole32.lib oleaut32.lib uuid.lib odbc32.lib odbccp32.lib /MANIFEST /MANIFESTUAC:"level='asInvoker' uiAccess='false'" /manifest:embed /DEBUG /PDB:"F:\FGGS\Pacman\PacmanFramework(S2Dv1.5)(2)\Pacman - Copy\Debug\Pacman.pdb" /SUBSYSTEM:CONSOLE /TLBID:1 /DYNAMICBASE /NXCOMPAT /IMPLIB:"F:\FGGS\Pacman\PacmanFramework(S2Dv1.5)(2)\Pacman - Copy\Debug\Pacman.lib" /MACHINE:X86 Debug\Pacman.res
         Debug\Arrows.obj
         Debug\Circle.obj
         Debug\Enemy.obj
         Debug\Fireballs.obj
         Debug\main.obj
         Debug\Menus.obj
         Debug\Pacman.obj
         Pacman.vcxproj -> F:\FGGS\Pacman\PacmanFramework(S2Dv1.5)(2)\Pacman - Copy\Debug\Pacman.exe
     1>Done Building Project "F:\FGGS\Pacman\PacmanFramework(S2Dv1.5)(2)\Pacman - Copy\Pacman\Pacman.vcxproj" (Build target(s)).

Build succeeded.

Time Elapsed 00:00:07.04
